<?xml version="1.0" encoding="UTF-8"?>
<coverage generated="1558581388817" clover="3.2.0">
  <project timestamp="1558581388817" name="All files">
    <metrics statements="2" coveredstatements="2" conditionals="2" coveredconditionals="2" methods="1" coveredmethods="1" elements="5" coveredelements="5" complexity="0" loc="2" ncloc="2" packages="1" files="2" classes="2"/>
    <file name="index.js" path="/Users/gus/Desktop/web/sum/src/index.js">
      <metrics statements="0" coveredstatements="0" conditionals="0" coveredconditionals="0" methods="0" coveredmethods="0"/>
    </file>
    <file name="recursiveSum.js" path="/Users/gus/Desktop/web/sum/src/recursiveSum.js">
      <metrics statements="2" coveredstatements="2" conditionals="2" coveredconditionals="2" methods="1" coveredmethods="1"/>
      <line num="2" count="3" type="cond" truecount="2" falsecount="0"/>
      <line num="3" count="2" type="stmt"/>
    </file>
  </project>
</coverage>
