{"/Users/gus/Desktop/web/sum/src/main.js": {"path":"/Users/gus/Desktop/web/sum/src/main.js","statementMap":{},"fnMap":{},"branchMap":{},"s":{},"f":{},"b":{},"_coverageSchema":"43e27e138ebf9cfc5966b082cf9a028302ed4184","hash":"7e291781d0617330e43deb1e25da7993678256a4"}
,"/Users/gus/Desktop/web/sum/src/recursiveSum.js": {"path":"/Users/gus/Desktop/web/sum/src/recursiveSum.js","statementMap":{"0":{"start":{"line":2,"column":1},"end":{"line":2,"column":22}},"1":{"start":{"line":2,"column":14},"end":{"line":2,"column":22}},"2":{"start":{"line":3,"column":1},"end":{"line":3,"column":29}}},"fnMap":{"0":{"name":"recursiveSum","decl":{"start":{"line":1,"column":24},"end":{"line":1,"column":36}},"loc":{"start":{"line":1,"column":40},"end":{"line":4,"column":1}},"line":1}},"branchMap":{"0":{"loc":{"start":{"line":2,"column":1},"end":{"line":2,"column":22}},"type":"if","locations":[{"start":{"line":2,"column":1},"end":{"line":2,"column":22}},{"start":{"line":2,"column":1},"end":{"line":2,"column":22}}],"line":2}},"s":{"0":3,"1":1,"2":2},"f":{"0":3},"b":{"0":[1,2]},"_coverageSchema":"43e27e138ebf9cfc5966b082cf9a028302ed4184","hash":"bdea78d731e33e67e3ad442fe5489990db5597e2"}
}
